<?xml version="1.0" encoding="UTF-8"?>
<!-- Generated by org.testng.reporters.JUnitXMLReporter -->
<testsuite ignored="0" hostname="Bujuku" failures="0" tests="2" name="Default test" time="0.047" errors="0" timestamp="2023-12-22T17:35:51 IST">
  <testcase classname="com.simplilearn.testng.Test.StockManagementTest" name="testSearchProductExists" time="0.006"/>
  <testcase classname="com.simplilearn.testng.Test.StockManagementTest" name="testSearchProductNotExists" time="0.001"/>
</testsuite> <!-- Default test -->
